\BOOKMARK [0][-]{chapter*.1}{Acknowledgements}{}% 1
\BOOKMARK [0][-]{chapter*.2}{Dedication}{}% 2
\BOOKMARK [0][-]{chapter*.2}{Abstract}{}% 3
\BOOKMARK [0][-]{chapter*.4}{List of Tables}{}% 4
\BOOKMARK [0][-]{chapter*.5}{List of Figures}{}% 5
\BOOKMARK [0][-]{chapter.1}{Introduction}{}% 6
\BOOKMARK [0][-]{chapter.2}{Models and Phenomenology of Long Lived Particles}{}% 7
\BOOKMARK [1][-]{section.2.1}{The Standard Model of Particle Physics}{chapter.2}% 8
\BOOKMARK [2][-]{subsection.2.1.1}{Main Components}{section.2.1}% 9
\BOOKMARK [2][-]{subsection.2.1.2}{Decay Rate and Life Time}{section.2.1}% 10
\BOOKMARK [2][-]{subsection.2.1.3}{Why Go Beyond?}{section.2.1}% 11
\BOOKMARK [1][-]{section.2.2}{Beyond Standard Model Physics}{chapter.2}% 12
\BOOKMARK [2][-]{subsection.2.2.1}{Supersymmetry}{section.2.2}% 13
\BOOKMARK [2][-]{subsection.2.2.2}{Minimal Supersymmetric Standard Model}{section.2.2}% 14
\BOOKMARK [2][-]{subsection.2.2.3}{Soft Supersymmetry Breaking}{section.2.2}% 15
\BOOKMARK [2][-]{subsection.2.2.4}{Gauge Mediated Supersymmetry Breaking and Phenomenology}{section.2.2}% 16
\BOOKMARK [1][-]{section.2.3}{Long-Lived Particles in GMSB}{chapter.2}% 17
\BOOKMARK [2][-]{subsection.2.3.1}{Production and Decay of Supersymmetric Particles at Hadron Colliders}{section.2.3}% 18
\BOOKMARK [2][-]{subsection.2.3.2}{Advantages in Search for Long-Lived Particles}{section.2.3}% 19
\BOOKMARK [1][-]{section.2.4}{Previous Experiments and Results}{chapter.2}% 20
\BOOKMARK [0][-]{chapter.3}{Hadron Collider and Detector}{}% 21
\BOOKMARK [1][-]{section.3.1}{Large Hadron Collider}{chapter.3}% 22
\BOOKMARK [2][-]{subsection.3.1.1}{Overview}{section.3.1}% 23
\BOOKMARK [2][-]{subsection.3.1.2}{Colliding Energy}{section.3.1}% 24
\BOOKMARK [2][-]{subsection.3.1.3}{Luminosity}{section.3.1}% 25
\BOOKMARK [2][-]{subsection.3.1.4}{Superconducting Electromagnets}{section.3.1}% 26
\BOOKMARK [2][-]{subsection.3.1.5}{Timing}{section.3.1}% 27
\BOOKMARK [1][-]{section.3.2}{Compact Muon Solenoid}{chapter.3}% 28
\BOOKMARK [2][-]{subsection.3.2.1}{Overview}{section.3.2}% 29
\BOOKMARK [2][-]{subsection.3.2.2}{Tracker}{section.3.2}% 30
\BOOKMARK [2][-]{subsection.3.2.3}{Calorimeter}{section.3.2}% 31
\BOOKMARK [2][-]{subsection.3.2.4}{Muon Chambers}{section.3.2}% 32
\BOOKMARK [2][-]{subsection.3.2.5}{Particle Detection}{section.3.2}% 33
\BOOKMARK [2][-]{subsection.3.2.6}{Triggering}{section.3.2}% 34
\BOOKMARK [0][-]{chapter.4}{Timing Reconstruction and Calibration}{}% 35
\BOOKMARK [1][-]{subsection.4.0.7}{Electromagnetic Calorimeter Readout Chain}{chapter.4}% 36
\BOOKMARK [2][-]{subsection.4.0.8}{Timing Extraction}{subsection.4.0.7}% 37
\BOOKMARK [2][-]{subsection.4.0.9}{Timing Calibration Procedure}{subsection.4.0.7}% 38
\BOOKMARK [2][-]{subsection.4.0.10}{Electromagnetic Calorimeter Timing Performance}{subsection.4.0.7}% 39
\BOOKMARK [0][-]{chapter.5}{ Particle Identification and Event Reconstruction}{}% 40
\BOOKMARK [1][-]{section.5.1}{Particle Reconstruction}{chapter.5}% 41
\BOOKMARK [2][-]{subsection.5.1.1}{Supercluster Reconstruction}{section.5.1}% 42
\BOOKMARK [2][-]{subsection.5.1.2}{Photon or Electron Reconstruction}{section.5.1}% 43
\BOOKMARK [2][-]{subsection.5.1.3}{Jet Reconstruction}{section.5.1}% 44
\BOOKMARK [2][-]{subsection.5.1.4}{Missing Transverse Energy}{section.5.1}% 45
\BOOKMARK [1][-]{section.5.2}{Using Timing in Particle Identification}{chapter.5}% 46
\BOOKMARK [1][-]{section.5.3}{Anomalous Signals}{chapter.5}% 47
\BOOKMARK [0][-]{chapter.6}{Analysis Strategy for Long-Lived Particles }{}% 48
\BOOKMARK [1][-]{section.6.1}{Analysis Strategy}{chapter.6}% 49
\BOOKMARK [2][-]{subsection.6.1.1}{Signal and Background Modelling}{section.6.1}% 50
\BOOKMARK [2][-]{subsection.6.1.2}{Event Selection}{section.6.1}% 51
\BOOKMARK [2][-]{subsection.6.1.3}{Background Estimation}{section.6.1}% 52
\BOOKMARK [2][-]{subsection.6.1.4}{Efficiency and Systematics Studies}{section.6.1}% 53
\BOOKMARK [1][-]{section.6.2}{Limit Setting}{chapter.6}% 54
\BOOKMARK [0][-]{chapter.7}{Results and Interpretation}{}% 55
\BOOKMARK [0][-]{chapter.8}{Future Work}{}% 56
\BOOKMARK [1][-]{section.8.1}{Beam Halo Monitoring \(BHM\)}{chapter.8}% 57
\BOOKMARK [1][-]{section.8.2}{HCAL Upgrade-Back End Electronics}{chapter.8}% 58
\BOOKMARK [0][-]{chapter.9}{Conclusion}{}% 59
\BOOKMARK [0][-]{chapter*.44}{References}{}% 60
\BOOKMARK [0][-]{appendix.A}{ Appendix A. \040Glossary and Acronyms}{}% 61
\BOOKMARK [1][-]{section.A.1}{Glossary}{appendix.A}% 62
\BOOKMARK [1][-]{section.A.2}{Acronyms}{appendix.A}% 63
